# JRE version: OpenJDK Runtime Environment (8.0_152-b06) (build 1.8.0_152-release-1136-b06)
# Java VM: OpenJDK 64-Bit Server VM (25.152-b06 mixed mode linux-amd64 compressed oops)
Heap:
 PSYoungGen      total 301056K, used 11266K [0x00000000e0000000, 0x00000000f3f80000, 0x0000000100000000)
  eden space 278528K, 0% used [0x00000000e0000000,0x00000000e0000000,0x00000000f1000000)
  from space 22528K, 50% used [0x00000000f1380000,0x00000000f1e809a0,0x00000000f2980000)
  to   space 18944K, 0% used [0x00000000f2d00000,0x00000000f2d00000,0x00000000f3f80000)
 ParOldGen       total 82944K, used 53991K [0x00000000a0000000, 0x00000000a5100000, 0x00000000e0000000)
  object space 82944K, 65% used [0x00000000a0000000,0x00000000a34b9c88,0x00000000a5100000)
 Metaspace       used 67218K, capacity 69918K, committed 70104K, reserved 1110016K
  class space    used 8789K, capacity 9453K, committed 9472K, reserved 1048576K
GC Heap History (10 events):
Event: 27.010 GC heap after
Heap after GC invocations=13 (full 2):
 PSYoungGen      total 161792K, used 0K [0x00000000e0000000, 0x00000000ee080000, 0x0000000100000000)
  eden space 153088K, 0% used [0x00000000e0000000,0x00000000e0000000,0x00000000e9580000)
  from space 8704K, 0% used [0x00000000e9580000,0x00000000e9580000,0x00000000e9e00000)
  to   space 10240K, 0% used [0x00000000ed680000,0x00000000ed680000,0x00000000ee080000)
 ParOldGen       total 53760K, used 19282K [0x00000000a0000000, 0x00000000a3480000, 0x00000000e0000000)
  object space 53760K, 35% used [0x00000000a0000000,0x00000000a12d49d0,0x00000000a3480000)
 Metaspace       used 34317K, capacity 35162K, committed 35416K, reserved 1079296K
  class space    used 4648K, capacity 4922K, committed 4992K, reserved 1048576K
}
Event: 35.744 GC heap before
{Heap before GC invocations=14 (full 2):
 PSYoungGen      total 161792K, used 153088K [0x00000000e0000000, 0x00000000ee080000, 0x0000000100000000)
  eden space 153088K, 100% used [0x00000000e0000000,0x00000000e9580000,0x00000000e9580000)
  from space 8704K, 0% used [0x00000000e9580000,0x00000000e9580000,0x00000000e9e00000)
  to   space 10240K, 0% used [0x00000000ed680000,0x00000000ed680000,0x00000000ee080000)
 ParOldGen       total 53760K, used 19282K [0x00000000a0000000, 0x00000000a3480000, 0x00000000e0000000)
  object space 53760K, 35% used [0x00000000a0000000,0x00000000a12d49d0,0x00000000a3480000)
 Metaspace       used 45930K, capacity 47040K, committed 47448K, reserved 1089536K
  class space    used 6086K, capacity 6414K, committed 6528K, reserved 1048576K
Event: 35.916 GC heap after
Heap after GC invocations=14 (full 2):
 PSYoungGen      total 213504K, used 10220K [0x00000000e0000000, 0x00000000ee280000, 0x0000000100000000)
  eden space 203264K, 0% used [0x00000000e0000000,0x00000000e0000000,0x00000000ec680000)
  from space 10240K, 99% used [0x00000000ed680000,0x00000000ee07b1a8,0x00000000ee080000)
  to   space 14336K, 0% used [0x00000000ec680000,0x00000000ec680000,0x00000000ed480000)
 ParOldGen       total 53760K, used 25740K [0x00000000a0000000, 0x00000000a3480000, 0x00000000e0000000)
  object space 53760K, 47% used [0x00000000a0000000,0x00000000a19233f8,0x00000000a3480000)
 Metaspace       used 45930K, capacity 47040K, committed 47448K, reserved 1089536K
  class space    used 6086K, capacity 6414K, committed 6528K, reserved 1048576K
}
Event: 55.179 GC heap before
{Heap before GC invocations=15 (full 2):
 PSYoungGen      total 213504K, used 209115K [0x00000000e0000000, 0x00000000ee280000, 0x0000000100000000)
  eden space 203264K, 97% used [0x00000000e0000000,0x00000000ec23bad0,0x00000000ec680000)
  from space 10240K, 99% used [0x00000000ed680000,0x00000000ee07b1a8,0x00000000ee080000)
  to   space 14336K, 0% used [0x00000000ec680000,0x00000000ec680000,0x00000000ed480000)
 ParOldGen       total 53760K, used 25740K [0x00000000a0000000, 0x00000000a3480000, 0x00000000e0000000)
  object space 53760K, 47% used [0x00000000a0000000,0x00000000a19233f8,0x00000000a3480000)
 Metaspace       used 57117K, capacity 58962K, committed 59028K, reserved 1099776K
  class space    used 7653K, capacity 8171K, committed 8192K, reserved 1048576K
Event: 56.040 GC heap after
Heap after GC invocations=15 (full 2):
 PSYoungGen      total 217600K, used 14306K [0x00000000e0000000, 0x00000000f4080000, 0x0000000100000000)
  eden space 203264K, 0% used [0x00000000e0000000,0x00000000e0000000,0x00000000ec680000)
  from space 14336K, 99% used [0x00000000ec680000,0x00000000ed478a00,0x00000000ed480000)
  to   space 19968K, 0% used [0x00000000f2d00000,0x00000000f2d00000,0x00000000f4080000)
 ParOldGen       total 53760K, used 35358K [0x00000000a0000000, 0x00000000a3480000, 0x00000000e0000000)
  object space 53760K, 65% used [0x00000000a0000000,0x00000000a2287a20,0x00000000a3480000)
 Metaspace       used 57117K, capacity 58962K, committed 59028K, reserved 1099776K
  class space    used 7653K, capacity 8171K, committed 8192K, reserved 1048576K
}
Event: 56.040 GC heap before
{Heap before GC invocations=16 (full 3):
 PSYoungGen      total 217600K, used 14306K [0x00000000e0000000, 0x00000000f4080000, 0x0000000100000000)
  eden space 203264K, 0% used [0x00000000e0000000,0x00000000e0000000,0x00000000ec680000)
  from space 14336K, 99% used [0x00000000ec680000,0x00000000ed478a00,0x00000000ed480000)
  to   space 19968K, 0% used [0x00000000f2d00000,0x00000000f2d00000,0x00000000f4080000)
 ParOldGen       total 53760K, used 35358K [0x00000000a0000000, 0x00000000a3480000, 0x00000000e0000000)
  object space 53760K, 65% used [0x00000000a0000000,0x00000000a2287a20,0x00000000a3480000)
 Metaspace       used 57117K, capacity 58962K, committed 59028K, reserved 1099776K
  class space    used 7653K, capacity 8171K, committed 8192K, reserved 1048576K
Event: 56.338 GC heap after
Heap after GC invocations=16 (full 3):
 PSYoungGen      total 217600K, used 0K [0x00000000e0000000, 0x00000000f4080000, 0x0000000100000000)
  eden space 203264K, 0% used [0x00000000e0000000,0x00000000e0000000,0x00000000ec680000)
  from space 14336K, 0% used [0x00000000ec680000,0x00000000ec680000,0x00000000ed480000)
  to   space 19968K, 0% used [0x00000000f2d00000,0x00000000f2d00000,0x00000000f4080000)
 ParOldGen       total 82944K, used 38303K [0x00000000a0000000, 0x00000000a5100000, 0x00000000e0000000)
  object space 82944K, 46% used [0x00000000a0000000,0x00000000a2567e48,0x00000000a5100000)
 Metaspace       used 57071K, capacity 58852K, committed 59028K, reserved 1099776K
  class space    used 7639K, capacity 8157K, committed 8192K, reserved 1048576K
}
Event: 78.839 GC heap before
{Heap before GC invocations=17 (full 3):
 PSYoungGen      total 217600K, used 203264K [0x00000000e0000000, 0x00000000f4080000, 0x0000000100000000)
  eden space 203264K, 100% used [0x00000000e0000000,0x00000000ec680000,0x00000000ec680000)
  from space 14336K, 0% used [0x00000000ec680000,0x00000000ec680000,0x00000000ed480000)
  to   space 19968K, 0% used [0x00000000f2d00000,0x00000000f2d00000,0x00000000f4080000)
 ParOldGen       total 82944K, used 38303K [0x00000000a0000000, 0x00000000a5100000, 0x00000000e0000000)
  object space 82944K, 46% used [0x00000000a0000000,0x00000000a2567e48,0x00000000a5100000)
 Metaspace       used 62129K, capacity 64270K, committed 64472K, reserved 1105920K
  class space    used 8344K, capacity 8927K, committed 8960K, reserved 1048576K
Event: 78.879 GC heap after
Heap after GC invocations=17 (full 3):
 PSYoungGen      total 297472K, used 18541K [0x00000000e0000000, 0x00000000f3f80000, 0x0000000100000000)
  eden space 278528K, 0% used [0x00000000e0000000,0x00000000e0000000,0x00000000f1000000)
  from space 18944K, 97% used [0x00000000f2d00000,0x00000000f3f1b658,0x00000000f3f80000)
  to   space 22528K, 0% used [0x00000000f1380000,0x00000000f1380000,0x00000000f2980000)
 ParOldGen       total 82944K, used 38311K [0x00000000a0000000, 0x00000000a5100000, 0x00000000e0000000)
  object space 82944K, 46% used [0x00000000a0000000,0x00000000a2569e48,0x00000000a5100000)
 Metaspace       used 62129K, capacity 64270K, committed 64472K, reserved 1105920K
  class space    used 8344K, capacity 8927K, committed 8960K, reserved 1048576K
}
Event: 311.094 GC heap before
{Heap before GC invocations=18 (full 3):
 PSYoungGen      total 297472K, used 297069K [0x00000000e0000000, 0x00000000f3f80000, 0x0000000100000000)
  eden space 278528K, 100% used [0x00000000e0000000,0x00000000f1000000,0x00000000f1000000)
  from space 18944K, 97% used [0x00000000f2d00000,0x00000000f3f1b658,0x00000000f3f80000)
  to   space 22528K, 0% used [0x00000000f1380000,0x00000000f1380000,0x00000000f2980000)
 ParOldGen       total 82944K, used 38311K [0x00000000a0000000, 0x00000000a5100000, 0x00000000e0000000)
  object space 82944K, 46% used [0x00000000a0000000,0x00000000a2569e48,0x00000000a5100000)
 Metaspace       used 67218K, capacity 69918K, committed 70104K, reserved 1110016K
  class space    used 8789K, capacity 9453K, committed 9472K, reserved 1048576K

